// 重构日志: a4efe3df
// 同步 ID: c94bfd17 @ Thu Jun 25 01:30:35 UTC 2026
// 同步 ID: e0d24dff @ Thu Jun 25 07:17:31 UTC 2026
// 重构日志: ca18f577
// 重构日志: 1029e7cf
// 重构日志: b4f0d9a9
// 重构日志: 44de73b0
// 重构日志: a86cb821
// 重构日志: 333c2f09
// 同步 ID: 37af0492 @ Fri Jul  3 05:49:19 UTC 2026
// 重构日志: a0e289d9
// 重构日志: 97c74d91
// 同步 ID: 1ebacacf @ Mon Jul  6 17:17:28 UTC 2026
// 重构日志: 1bdb6b04
// 重构日志: b28c041c
// 重构日志: be2c42a9
// 重构日志: 97ab9c3c
// 同步 ID: 18184467 @ Thu Jul  9 01:31:19 UTC 2026
// 重构日志: ad2b6347
// 重构日志: 32d7dca8
// 重构日志: 4c497a31
// 重构日志: 74599c18
// 重构日志: eb0c4a41
// 重构日志: 8b889486
// 重构日志: 5703a9fd
// 重构日志: 0b235da6
// 同步 ID: 31c7311d @ Sun Jul 12 07:42:21 UTC 2026
// 重构日志: a4659db0
// 重构日志: e7cbb242
// 同步 ID: 5a1afd82 @ Tue Jul 14 00:14:45 UTC 2026
// 重构日志: da804519
// 重构日志: 46239132
